0 info it worked if it ends with ok
1 verbose cli [ 'node', '/usr/local/bin/npm', 'publish' ]
2 info using npm@1.4.3
3 info using node@v0.10.26
4 verbose publish [ '.' ]
5 verbose cache add [ '.', null ]
6 verbose cache add name=undefined spec="." args=[".",null]
7 verbose parsed url { protocol: null,
7 verbose parsed url   slashes: null,
7 verbose parsed url   auth: null,
7 verbose parsed url   host: null,
7 verbose parsed url   port: null,
7 verbose parsed url   hostname: null,
7 verbose parsed url   hash: null,
7 verbose parsed url   search: null,
7 verbose parsed url   query: null,
7 verbose parsed url   pathname: '.',
7 verbose parsed url   path: '.',
7 verbose parsed url   href: '.' }
8 silly lockFile 3a52ce78- .
9 verbose lock . /Users/shaneobsourne/.npm/3a52ce78-.lock
10 verbose tar pack [ '/var/folders/c2/8k0zgs9d25b4v9g841d78_940000gp/T/npm-9956-PNwlDniz/1405696373417-0.49054262484423816/tmp.tgz',
10 verbose tar pack   '.' ]
11 verbose tarball /var/folders/c2/8k0zgs9d25b4v9g841d78_940000gp/T/npm-9956-PNwlDniz/1405696373417-0.49054262484423816/tmp.tgz
12 verbose folder .
13 info prepublish foxy@0.2.0
14 silly lockFile 1f1177db-tar tar://.
15 verbose lock tar://. /Users/shaneobsourne/.npm/1f1177db-tar.lock
16 silly lockFile de52c87b-3417-0-49054262484423816-tmp-tgz tar:///var/folders/c2/8k0zgs9d25b4v9g841d78_940000gp/T/npm-9956-PNwlDniz/1405696373417-0.49054262484423816/tmp.tgz
17 verbose lock tar:///var/folders/c2/8k0zgs9d25b4v9g841d78_940000gp/T/npm-9956-PNwlDniz/1405696373417-0.49054262484423816/tmp.tgz /Users/shaneobsourne/.npm/de52c87b-3417-0-49054262484423816-tmp-tgz.lock
18 silly lockFile 1f1177db-tar tar://.
19 silly lockFile 1f1177db-tar tar://.
20 silly lockFile de52c87b-3417-0-49054262484423816-tmp-tgz tar:///var/folders/c2/8k0zgs9d25b4v9g841d78_940000gp/T/npm-9956-PNwlDniz/1405696373417-0.49054262484423816/tmp.tgz
21 silly lockFile de52c87b-3417-0-49054262484423816-tmp-tgz tar:///var/folders/c2/8k0zgs9d25b4v9g841d78_940000gp/T/npm-9956-PNwlDniz/1405696373417-0.49054262484423816/tmp.tgz
22 verbose tar unpack /var/folders/c2/8k0zgs9d25b4v9g841d78_940000gp/T/npm-9956-PNwlDniz/1405696373417-0.49054262484423816/tmp.tgz
23 silly lockFile 2c52fd7b-3417-0-49054262484423816-package tar:///var/folders/c2/8k0zgs9d25b4v9g841d78_940000gp/T/npm-9956-PNwlDniz/1405696373417-0.49054262484423816/package
24 verbose lock tar:///var/folders/c2/8k0zgs9d25b4v9g841d78_940000gp/T/npm-9956-PNwlDniz/1405696373417-0.49054262484423816/package /Users/shaneobsourne/.npm/2c52fd7b-3417-0-49054262484423816-package.lock
25 silly lockFile de52c87b-3417-0-49054262484423816-tmp-tgz tar:///var/folders/c2/8k0zgs9d25b4v9g841d78_940000gp/T/npm-9956-PNwlDniz/1405696373417-0.49054262484423816/tmp.tgz
26 verbose lock tar:///var/folders/c2/8k0zgs9d25b4v9g841d78_940000gp/T/npm-9956-PNwlDniz/1405696373417-0.49054262484423816/tmp.tgz /Users/shaneobsourne/.npm/de52c87b-3417-0-49054262484423816-tmp-tgz.lock
27 silly gunzTarPerm modes [ '755', '644' ]
28 silly gunzTarPerm extractEntry package.json
29 silly gunzTarPerm extractEntry .npmignore
30 silly gunzTarPerm extractEntry README.md
31 silly gunzTarPerm extractEntry index.js
32 silly gunzTarPerm extractEntry .travis.yml
33 silly gunzTarPerm extractEntry lib/utils.js
34 silly lockFile 2c52fd7b-3417-0-49054262484423816-package tar:///var/folders/c2/8k0zgs9d25b4v9g841d78_940000gp/T/npm-9956-PNwlDniz/1405696373417-0.49054262484423816/package
35 silly lockFile 2c52fd7b-3417-0-49054262484423816-package tar:///var/folders/c2/8k0zgs9d25b4v9g841d78_940000gp/T/npm-9956-PNwlDniz/1405696373417-0.49054262484423816/package
36 silly lockFile de52c87b-3417-0-49054262484423816-tmp-tgz tar:///var/folders/c2/8k0zgs9d25b4v9g841d78_940000gp/T/npm-9956-PNwlDniz/1405696373417-0.49054262484423816/tmp.tgz
37 silly lockFile de52c87b-3417-0-49054262484423816-tmp-tgz tar:///var/folders/c2/8k0zgs9d25b4v9g841d78_940000gp/T/npm-9956-PNwlDniz/1405696373417-0.49054262484423816/tmp.tgz
38 verbose tar pack [ '/Users/shaneobsourne/.npm/foxy/0.2.0/package.tgz',
38 verbose tar pack   '/var/folders/c2/8k0zgs9d25b4v9g841d78_940000gp/T/npm-9956-PNwlDniz/1405696373417-0.49054262484423816/package' ]
39 verbose tarball /Users/shaneobsourne/.npm/foxy/0.2.0/package.tgz
40 verbose folder /var/folders/c2/8k0zgs9d25b4v9g841d78_940000gp/T/npm-9956-PNwlDniz/1405696373417-0.49054262484423816/package
41 silly lockFile 2c52fd7b-3417-0-49054262484423816-package tar:///var/folders/c2/8k0zgs9d25b4v9g841d78_940000gp/T/npm-9956-PNwlDniz/1405696373417-0.49054262484423816/package
42 verbose lock tar:///var/folders/c2/8k0zgs9d25b4v9g841d78_940000gp/T/npm-9956-PNwlDniz/1405696373417-0.49054262484423816/package /Users/shaneobsourne/.npm/2c52fd7b-3417-0-49054262484423816-package.lock
43 silly lockFile ac23cc58-ourne-npm-foxy-0-2-0-package-tgz tar:///Users/shaneobsourne/.npm/foxy/0.2.0/package.tgz
44 verbose lock tar:///Users/shaneobsourne/.npm/foxy/0.2.0/package.tgz /Users/shaneobsourne/.npm/ac23cc58-ourne-npm-foxy-0-2-0-package-tgz.lock
45 silly lockFile 2c52fd7b-3417-0-49054262484423816-package tar:///var/folders/c2/8k0zgs9d25b4v9g841d78_940000gp/T/npm-9956-PNwlDniz/1405696373417-0.49054262484423816/package
46 silly lockFile 2c52fd7b-3417-0-49054262484423816-package tar:///var/folders/c2/8k0zgs9d25b4v9g841d78_940000gp/T/npm-9956-PNwlDniz/1405696373417-0.49054262484423816/package
47 silly lockFile ac23cc58-ourne-npm-foxy-0-2-0-package-tgz tar:///Users/shaneobsourne/.npm/foxy/0.2.0/package.tgz
48 silly lockFile ac23cc58-ourne-npm-foxy-0-2-0-package-tgz tar:///Users/shaneobsourne/.npm/foxy/0.2.0/package.tgz
49 silly lockFile 8db6415c-eobsourne-npm-foxy-0-2-0-package /Users/shaneobsourne/.npm/foxy/0.2.0/package
50 verbose lock /Users/shaneobsourne/.npm/foxy/0.2.0/package /Users/shaneobsourne/.npm/8db6415c-eobsourne-npm-foxy-0-2-0-package.lock
51 silly lockFile 8db6415c-eobsourne-npm-foxy-0-2-0-package /Users/shaneobsourne/.npm/foxy/0.2.0/package
52 silly lockFile 8db6415c-eobsourne-npm-foxy-0-2-0-package /Users/shaneobsourne/.npm/foxy/0.2.0/package
53 verbose tar unpack /Users/shaneobsourne/.npm/foxy/0.2.0/package.tgz
54 silly lockFile 6a9027c1-eobsourne-npm-foxy-0-2-0-package tar:///Users/shaneobsourne/.npm/foxy/0.2.0/package
55 verbose lock tar:///Users/shaneobsourne/.npm/foxy/0.2.0/package /Users/shaneobsourne/.npm/6a9027c1-eobsourne-npm-foxy-0-2-0-package.lock
56 silly lockFile ac23cc58-ourne-npm-foxy-0-2-0-package-tgz tar:///Users/shaneobsourne/.npm/foxy/0.2.0/package.tgz
57 verbose lock tar:///Users/shaneobsourne/.npm/foxy/0.2.0/package.tgz /Users/shaneobsourne/.npm/ac23cc58-ourne-npm-foxy-0-2-0-package-tgz.lock
58 silly gunzTarPerm modes [ '755', '644' ]
59 silly gunzTarPerm extractEntry package.json
60 silly gunzTarPerm extractEntry .npmignore
61 silly gunzTarPerm extractEntry README.md
62 silly gunzTarPerm extractEntry index.js
63 silly gunzTarPerm extractEntry .travis.yml
64 silly gunzTarPerm extractEntry lib/utils.js
65 silly lockFile 6a9027c1-eobsourne-npm-foxy-0-2-0-package tar:///Users/shaneobsourne/.npm/foxy/0.2.0/package
66 silly lockFile 6a9027c1-eobsourne-npm-foxy-0-2-0-package tar:///Users/shaneobsourne/.npm/foxy/0.2.0/package
67 silly lockFile ac23cc58-ourne-npm-foxy-0-2-0-package-tgz tar:///Users/shaneobsourne/.npm/foxy/0.2.0/package.tgz
68 silly lockFile ac23cc58-ourne-npm-foxy-0-2-0-package-tgz tar:///Users/shaneobsourne/.npm/foxy/0.2.0/package.tgz
69 verbose chmod /Users/shaneobsourne/.npm/foxy/0.2.0/package.tgz 644
70 verbose chown /Users/shaneobsourne/.npm/foxy/0.2.0/package.tgz [ 502, 20 ]
71 silly lockFile 3a52ce78- .
72 silly lockFile 3a52ce78- .
73 silly publish { name: 'foxy',
73 silly publish   version: '0.2.0',
73 silly publish   description: 'Proxy with response modding',
73 silly publish   main: 'index.js',
73 silly publish   scripts: { test: 'mocha --recursive test/specs' },
73 silly publish   repository: { type: 'git', url: 'https://github.com/shakyShane/foxy' },
73 silly publish   keywords: [ 'proxy' ],
73 silly publish   author: { name: 'Shane Osbourne' },
73 silly publish   license: 'MIT',
73 silly publish   bugs: { url: 'https://github.com/shakyShane/foxy/issues' },
73 silly publish   homepage: 'https://github.com/shakyShane/foxy',
73 silly publish   dependencies: { 'resp-modifier': '^0.1.0', 'http-proxy': '^1.1.6' },
73 silly publish   devDependencies:
73 silly publish    { chai: '^1.9.1',
73 silly publish      sinon: '^1.9.1',
73 silly publish      mocha: '^1.18.2',
73 silly publish      'gulp-jshint': '^1.5.5',
73 silly publish      gulp: '^3.6.2',
73 silly publish      connect: '^2.15.0',
73 silly publish      supertest: '^0.12.1',
73 silly publish      'socket.io': '^0.9.16',
73 silly publish      'socket.io-client': '^0.9.16',
73 silly publish      'connect-gzip': '^0.1.6' },
73 silly publish   readme: '##Foxy [![Build Status](https://travis-ci.org/shakyShane/foxy.svg?branch=master)](https://travis-ci.org/shakyShane/foxy)\n\nProxy with response moddin\'\n\n**In the near future, the api will be something like:**\n\n```\nvar proxy = require("foxy");\n                    // target               // proxy url\nproxy.createServer("http://localsite.dev", "http://localhost:5000");\n```\n\nBuilt-in middleware will re-write html on the fly to update any urls & there\'ll also be the option\nfor additional rules for the re-writing.\n\n###Todo\n\n- [x] websocket support\n- [ ] accept a url for target\n- [ ] test the shit out of the link re-writing\n\n\n',
73 silly publish   readmeFilename: 'README.md',
73 silly publish   _id: 'foxy@0.2.0',
73 silly publish   dist: { shasum: '8558f809597b65ad8c3966e2d75ad760b6c474c7' },
73 silly publish   _from: '.' }
74 verbose url raw foxy
75 verbose url resolving [ 'https://registry.npmjs.org/', './foxy' ]
76 verbose url resolved https://registry.npmjs.org/foxy
77 info trying registry request attempt 1 at 16:12:53
78 http PUT https://registry.npmjs.org/foxy
79 http 401 https://registry.npmjs.org/foxy
80 error publish Failed PUT 401
81 error Error: unauthorized Name or password is incorrect.: foxy
81 error     at RegClient.<anonymous> (/usr/local/lib/node_modules/npm/node_modules/npm-registry-client/lib/request.js:237:14)
81 error     at Request.self.callback (/usr/local/lib/node_modules/npm/node_modules/request/request.js:123:22)
81 error     at Request.EventEmitter.emit (events.js:98:17)
81 error     at Request.<anonymous> (/usr/local/lib/node_modules/npm/node_modules/request/request.js:893:14)
81 error     at Request.EventEmitter.emit (events.js:117:20)
81 error     at IncomingMessage.<anonymous> (/usr/local/lib/node_modules/npm/node_modules/request/request.js:844:12)
81 error     at IncomingMessage.EventEmitter.emit (events.js:117:20)
81 error     at _stream_readable.js:920:16
81 error     at process._tickCallback (node.js:415:13)
82 error If you need help, you may report this *entire* log,
82 error including the npm and node versions, at:
82 error     <http://github.com/npm/npm/issues>
83 error System Darwin 13.1.0
84 error command "node" "/usr/local/bin/npm" "publish"
85 error cwd /Users/shaneobsourne/sites/foxy
86 error node -v v0.10.26
87 error npm -v 1.4.3
88 verbose exit [ 1, true ]
